2023-11-11 16:20:20,889 INFO o.s.b.StartupInfoLogger [main] Starting UniversidadBackendApplication using Java 17.0.7 with PID 15168 (C:\Users\DATABASEF\Desktop\DAVID MOISES BELTRAN\universidad-main\target\classes started by DATABASEF in C:\Users\DATABASEF\Desktop\DAVID MOISES BELTRAN\universidad-main)
2023-11-11 16:20:20,906 INFO o.s.b.SpringApplication [main] No active profile set, falling back to 1 default profile: "default"
2023-11-11 16:20:22,151 INFO o.s.d.r.c.RepositoryConfigurationDelegate [main] Bootstrapping Spring Data JPA repositories in DEFAULT mode.
2023-11-11 16:20:22,269 INFO o.s.d.r.c.RepositoryConfigurationDelegate [main] Finished Spring Data repository scanning in 103 ms. Found 6 JPA repository interfaces.
2023-11-11 16:20:23,410 INFO o.s.b.w.e.t.TomcatWebServer [main] Tomcat initialized with port(s): 9081 (http)
2023-11-11 16:20:23,435 INFO o.a.j.l.DirectJDKLog [main] Initializing ProtocolHandler ["http-nio-9081"]
2023-11-11 16:20:23,442 INFO o.a.j.l.DirectJDKLog [main] Starting service [Tomcat]
2023-11-11 16:20:23,443 INFO o.a.j.l.DirectJDKLog [main] Starting Servlet engine: [Apache Tomcat/10.1.12]
2023-11-11 16:20:23,658 INFO o.a.j.l.DirectJDKLog [main] Initializing Spring embedded WebApplicationContext
2023-11-11 16:20:23,660 INFO o.s.b.w.s.c.ServletWebServerApplicationContext [main] Root WebApplicationContext: initialization completed in 2659 ms
2023-11-11 16:20:23,900 INFO o.h.j.i.u.LogHelper [main] HHH000204: Processing PersistenceUnitInfo [name: default]
2023-11-11 16:20:23,982 INFO o.h.Version [main] HHH000412: Hibernate ORM core version 6.2.7.Final
2023-11-11 16:20:23,985 INFO o.h.c.Environment [main] HHH000406: Using bytecode reflection optimizer
2023-11-11 16:20:24,234 INFO o.h.b.i.BytecodeProviderInitiator [main] HHH000021: Bytecode provider name : bytebuddy
2023-11-11 16:20:24,428 INFO o.s.o.j.p.SpringPersistenceUnitInfo [main] No LoadTimeWeaver setup: ignoring JPA class transformer
2023-11-11 16:20:24,451 INFO c.z.h.HikariDataSource [main] HikariPool-1 - Starting...
2023-11-11 16:20:24,880 INFO c.z.h.p.HikariPool [main] HikariPool-1 - Added connection org.postgresql.jdbc.PgConnection@3df77dfa
2023-11-11 16:20:24,882 INFO c.z.h.HikariDataSource [main] HikariPool-1 - Start completed.
2023-11-11 16:20:25,480 INFO o.h.b.i.BytecodeProviderInitiator [main] HHH000021: Bytecode provider name : bytebuddy
2023-11-11 16:20:26,409 INFO o.h.e.t.j.p.i.JtaPlatformInitiator [main] HHH000490: Using JtaPlatform implementation: [org.hibernate.engine.transaction.jta.platform.internal.NoJtaPlatform]
2023-11-11 16:20:26,719 INFO o.s.o.j.AbstractEntityManagerFactoryBean [main] Initialized JPA EntityManagerFactory for persistence unit 'default'
2023-11-11 16:20:27,131 INFO o.s.d.j.r.q.QueryEnhancerFactory [main] Hibernate is in classpath; If applicable, HQL parser will be used.
2023-11-11 16:20:27,799 WARN o.s.c.s.AbstractApplicationContext [main] Exception encountered during context initialization - cancelling refresh attempt: org.springframework.beans.factory.UnsatisfiedDependencyException: Error creating bean with name 'personaDtoController' defined in file [C:\Users\DATABASEF\Desktop\DAVID MOISES BELTRAN\universidad-main\target\classes\com\springsimplespasos\universidad\universidadbackend\controlador\dto\PersonaDtoController.class]: Unsatisfied dependency expressed through constructor parameter 0: No qualifying bean of type 'com.springsimplespasos.universidad.universidadbackend.servicios.contratos.PersonaDAO' available: expected single matching bean but found 2: alumnoDAOImpl,empleadoDAOImpl
2023-11-11 16:20:27,800 INFO o.s.o.j.AbstractEntityManagerFactoryBean [main] Closing JPA EntityManagerFactory for persistence unit 'default'
2023-11-11 16:20:27,802 INFO c.z.h.HikariDataSource [main] HikariPool-1 - Shutdown initiated...
2023-11-11 16:20:27,812 INFO c.z.h.HikariDataSource [main] HikariPool-1 - Shutdown completed.
2023-11-11 16:20:27,821 INFO o.a.j.l.DirectJDKLog [main] Stopping service [Tomcat]
2023-11-11 16:20:27,842 INFO o.s.b.a.l.ConditionEvaluationReportLogger [main] 

Error starting ApplicationContext. To display the condition evaluation report re-run your application with 'debug' enabled.
2023-11-11 16:20:27,868 ERROR o.s.b.d.LoggingFailureAnalysisReporter [main] 

***************************
APPLICATION FAILED TO START
***************************

Description:

Parameter 0 of constructor in com.springsimplespasos.universidad.universidadbackend.controlador.dto.PersonaDtoController required a single bean, but 2 were found:
	- alumnoDAOImpl: defined in file [C:\Users\DATABASEF\Desktop\DAVID MOISES BELTRAN\universidad-main\target\classes\com\springsimplespasos\universidad\universidadbackend\servicios\implementaciones\AlumnoDAOImpl.class]
	- empleadoDAOImpl: defined in file [C:\Users\DATABASEF\Desktop\DAVID MOISES BELTRAN\universidad-main\target\classes\com\springsimplespasos\universidad\universidadbackend\servicios\implementaciones\EmpleadoDAOImpl.class]


Action:

Consider marking one of the beans as @Primary, updating the consumer to accept multiple beans, or using @Qualifier to identify the bean that should be consumed

2023-11-11 16:22:04,204 INFO o.s.b.StartupInfoLogger [main] Starting UniversidadBackendApplication using Java 17.0.7 with PID 12560 (C:\Users\DATABASEF\Desktop\DAVID MOISES BELTRAN\universidad-main\target\classes started by DATABASEF in C:\Users\DATABASEF\Desktop\DAVID MOISES BELTRAN\universidad-main)
2023-11-11 16:22:04,222 INFO o.s.b.SpringApplication [main] No active profile set, falling back to 1 default profile: "default"
2023-11-11 16:22:05,427 INFO o.s.d.r.c.RepositoryConfigurationDelegate [main] Bootstrapping Spring Data JPA repositories in DEFAULT mode.
2023-11-11 16:22:05,542 INFO o.s.d.r.c.RepositoryConfigurationDelegate [main] Finished Spring Data repository scanning in 101 ms. Found 6 JPA repository interfaces.
2023-11-11 16:22:06,640 INFO o.s.b.w.e.t.TomcatWebServer [main] Tomcat initialized with port(s): 9081 (http)
2023-11-11 16:22:06,654 INFO o.a.j.l.DirectJDKLog [main] Initializing ProtocolHandler ["http-nio-9081"]
2023-11-11 16:22:06,658 INFO o.a.j.l.DirectJDKLog [main] Starting service [Tomcat]
2023-11-11 16:22:06,659 INFO o.a.j.l.DirectJDKLog [main] Starting Servlet engine: [Apache Tomcat/10.1.12]
2023-11-11 16:22:06,821 INFO o.a.j.l.DirectJDKLog [main] Initializing Spring embedded WebApplicationContext
2023-11-11 16:22:06,823 INFO o.s.b.w.s.c.ServletWebServerApplicationContext [main] Root WebApplicationContext: initialization completed in 2499 ms
2023-11-11 16:22:07,083 INFO o.h.j.i.u.LogHelper [main] HHH000204: Processing PersistenceUnitInfo [name: default]
2023-11-11 16:22:07,215 INFO o.h.Version [main] HHH000412: Hibernate ORM core version 6.2.7.Final
2023-11-11 16:22:07,223 INFO o.h.c.Environment [main] HHH000406: Using bytecode reflection optimizer
2023-11-11 16:22:07,465 INFO o.h.b.i.BytecodeProviderInitiator [main] HHH000021: Bytecode provider name : bytebuddy
2023-11-11 16:22:07,677 INFO o.s.o.j.p.SpringPersistenceUnitInfo [main] No LoadTimeWeaver setup: ignoring JPA class transformer
2023-11-11 16:22:07,699 INFO c.z.h.HikariDataSource [main] HikariPool-1 - Starting...
2023-11-11 16:22:07,952 INFO c.z.h.p.HikariPool [main] HikariPool-1 - Added connection org.postgresql.jdbc.PgConnection@63187d63
2023-11-11 16:22:07,954 INFO c.z.h.HikariDataSource [main] HikariPool-1 - Start completed.
2023-11-11 16:22:08,505 INFO o.h.b.i.BytecodeProviderInitiator [main] HHH000021: Bytecode provider name : bytebuddy
2023-11-11 16:22:09,600 INFO o.h.e.t.j.p.i.JtaPlatformInitiator [main] HHH000490: Using JtaPlatform implementation: [org.hibernate.engine.transaction.jta.platform.internal.NoJtaPlatform]
2023-11-11 16:22:09,931 INFO o.s.o.j.AbstractEntityManagerFactoryBean [main] Initialized JPA EntityManagerFactory for persistence unit 'default'
2023-11-11 16:22:10,326 INFO o.s.d.j.r.q.QueryEnhancerFactory [main] Hibernate is in classpath; If applicable, HQL parser will be used.
2023-11-11 16:22:10,930 WARN o.s.c.s.AbstractApplicationContext [main] Exception encountered during context initialization - cancelling refresh attempt: org.springframework.beans.factory.UnsatisfiedDependencyException: Error creating bean with name 'personaDtoController' defined in file [C:\Users\DATABASEF\Desktop\DAVID MOISES BELTRAN\universidad-main\target\classes\com\springsimplespasos\universidad\universidadbackend\controlador\dto\PersonaDtoController.class]: Unsatisfied dependency expressed through constructor parameter 0: No qualifying bean of type 'com.springsimplespasos.universidad.universidadbackend.servicios.contratos.PersonaDAO' available: expected single matching bean but found 2: alumnoDAOImpl,empleadoDAOImpl
2023-11-11 16:22:10,931 INFO o.s.o.j.AbstractEntityManagerFactoryBean [main] Closing JPA EntityManagerFactory for persistence unit 'default'
2023-11-11 16:22:10,933 INFO c.z.h.HikariDataSource [main] HikariPool-1 - Shutdown initiated...
2023-11-11 16:22:10,940 INFO c.z.h.HikariDataSource [main] HikariPool-1 - Shutdown completed.
2023-11-11 16:22:10,944 INFO o.a.j.l.DirectJDKLog [main] Stopping service [Tomcat]
2023-11-11 16:22:10,963 INFO o.s.b.a.l.ConditionEvaluationReportLogger [main] 

Error starting ApplicationContext. To display the condition evaluation report re-run your application with 'debug' enabled.
2023-11-11 16:22:10,992 ERROR o.s.b.d.LoggingFailureAnalysisReporter [main] 

***************************
APPLICATION FAILED TO START
***************************

Description:

Parameter 0 of constructor in com.springsimplespasos.universidad.universidadbackend.controlador.dto.PersonaDtoController required a single bean, but 2 were found:
	- alumnoDAOImpl: defined in file [C:\Users\DATABASEF\Desktop\DAVID MOISES BELTRAN\universidad-main\target\classes\com\springsimplespasos\universidad\universidadbackend\servicios\implementaciones\AlumnoDAOImpl.class]
	- empleadoDAOImpl: defined in file [C:\Users\DATABASEF\Desktop\DAVID MOISES BELTRAN\universidad-main\target\classes\com\springsimplespasos\universidad\universidadbackend\servicios\implementaciones\EmpleadoDAOImpl.class]


Action:

Consider marking one of the beans as @Primary, updating the consumer to accept multiple beans, or using @Qualifier to identify the bean that should be consumed

