2023-11-11 16:13:06,681 INFO o.s.b.StartupInfoLogger [main] Starting UniversidadBackendApplication using Java 17.0.7 with PID 14924 (C:\Users\DATABASEF\Desktop\DAVID MOISES BELTRAN\universidad-main\target\classes started by DATABASEF in C:\Users\DATABASEF\Desktop\DAVID MOISES BELTRAN\universidad-main)
2023-11-11 16:13:06,710 INFO o.s.b.SpringApplication [main] No active profile set, falling back to 1 default profile: "default"
2023-11-11 16:13:07,954 INFO o.s.d.r.c.RepositoryConfigurationDelegate [main] Bootstrapping Spring Data JPA repositories in DEFAULT mode.
2023-11-11 16:13:08,074 INFO o.s.d.r.c.RepositoryConfigurationDelegate [main] Finished Spring Data repository scanning in 104 ms. Found 6 JPA repository interfaces.
2023-11-11 16:13:09,082 INFO o.s.b.w.e.t.TomcatWebServer [main] Tomcat initialized with port(s): 9081 (http)
2023-11-11 16:13:09,090 INFO o.a.j.l.DirectJDKLog [main] Initializing ProtocolHandler ["http-nio-9081"]
2023-11-11 16:13:09,093 INFO o.a.j.l.DirectJDKLog [main] Starting service [Tomcat]
2023-11-11 16:13:09,093 INFO o.a.j.l.DirectJDKLog [main] Starting Servlet engine: [Apache Tomcat/10.1.12]
2023-11-11 16:13:09,270 INFO o.a.j.l.DirectJDKLog [main] Initializing Spring embedded WebApplicationContext
2023-11-11 16:13:09,273 INFO o.s.b.w.s.c.ServletWebServerApplicationContext [main] Root WebApplicationContext: initialization completed in 2456 ms
2023-11-11 16:13:09,571 INFO o.h.j.i.u.LogHelper [main] HHH000204: Processing PersistenceUnitInfo [name: default]
2023-11-11 16:13:09,668 INFO o.h.Version [main] HHH000412: Hibernate ORM core version 6.2.7.Final
2023-11-11 16:13:09,671 INFO o.h.c.Environment [main] HHH000406: Using bytecode reflection optimizer
2023-11-11 16:13:09,920 INFO o.h.b.i.BytecodeProviderInitiator [main] HHH000021: Bytecode provider name : bytebuddy
2023-11-11 16:13:10,094 INFO o.s.o.j.p.SpringPersistenceUnitInfo [main] No LoadTimeWeaver setup: ignoring JPA class transformer
2023-11-11 16:13:10,118 INFO c.z.h.HikariDataSource [main] HikariPool-1 - Starting...
2023-11-11 16:13:10,530 INFO c.z.h.p.HikariPool [main] HikariPool-1 - Added connection org.postgresql.jdbc.PgConnection@3df77dfa
2023-11-11 16:13:10,533 INFO c.z.h.HikariDataSource [main] HikariPool-1 - Start completed.
2023-11-11 16:13:11,078 INFO o.h.b.i.BytecodeProviderInitiator [main] HHH000021: Bytecode provider name : bytebuddy
2023-11-11 16:13:11,999 INFO o.h.e.t.j.p.i.JtaPlatformInitiator [main] HHH000490: Using JtaPlatform implementation: [org.hibernate.engine.transaction.jta.platform.internal.NoJtaPlatform]
2023-11-11 16:13:12,175 INFO o.s.o.j.AbstractEntityManagerFactoryBean [main] Initialized JPA EntityManagerFactory for persistence unit 'default'
2023-11-11 16:13:12,585 INFO o.s.d.j.r.q.QueryEnhancerFactory [main] Hibernate is in classpath; If applicable, HQL parser will be used.
2023-11-11 16:13:13,278 WARN o.s.c.s.AbstractApplicationContext [main] Exception encountered during context initialization - cancelling refresh attempt: org.springframework.beans.factory.UnsatisfiedDependencyException: Error creating bean with name 'personaDtoController' defined in file [C:\Users\DATABASEF\Desktop\DAVID MOISES BELTRAN\universidad-main\target\classes\com\springsimplespasos\universidad\universidadbackend\controlador\dto\PersonaDtoController.class]: Unsatisfied dependency expressed through constructor parameter 0: No qualifying bean of type 'com.springsimplespasos.universidad.universidadbackend.servicios.contratos.PersonaDAO' available: expected single matching bean but found 2: alumnoDAOImpl,empleadoDAOImpl
2023-11-11 16:13:13,279 INFO o.s.o.j.AbstractEntityManagerFactoryBean [main] Closing JPA EntityManagerFactory for persistence unit 'default'
2023-11-11 16:13:13,283 INFO c.z.h.HikariDataSource [main] HikariPool-1 - Shutdown initiated...
2023-11-11 16:13:13,289 INFO c.z.h.HikariDataSource [main] HikariPool-1 - Shutdown completed.
2023-11-11 16:13:13,294 INFO o.a.j.l.DirectJDKLog [main] Stopping service [Tomcat]
2023-11-11 16:13:13,318 INFO o.s.b.a.l.ConditionEvaluationReportLogger [main] 

Error starting ApplicationContext. To display the condition evaluation report re-run your application with 'debug' enabled.
2023-11-11 16:13:13,343 ERROR o.s.b.d.LoggingFailureAnalysisReporter [main] 

***************************
APPLICATION FAILED TO START
***************************

Description:

Parameter 0 of constructor in com.springsimplespasos.universidad.universidadbackend.controlador.dto.PersonaDtoController required a single bean, but 2 were found:
	- alumnoDAOImpl: defined in file [C:\Users\DATABASEF\Desktop\DAVID MOISES BELTRAN\universidad-main\target\classes\com\springsimplespasos\universidad\universidadbackend\servicios\implementaciones\AlumnoDAOImpl.class]
	- empleadoDAOImpl: defined in file [C:\Users\DATABASEF\Desktop\DAVID MOISES BELTRAN\universidad-main\target\classes\com\springsimplespasos\universidad\universidadbackend\servicios\implementaciones\EmpleadoDAOImpl.class]


Action:

Consider marking one of the beans as @Primary, updating the consumer to accept multiple beans, or using @Qualifier to identify the bean that should be consumed

2023-11-11 16:13:53,721 INFO o.s.b.StartupInfoLogger [main] Starting UniversidadBackendApplication using Java 17.0.7 with PID 5768 (C:\Users\DATABASEF\Desktop\DAVID MOISES BELTRAN\universidad-main\target\classes started by DATABASEF in C:\Users\DATABASEF\Desktop\DAVID MOISES BELTRAN\universidad-main)
2023-11-11 16:13:53,737 INFO o.s.b.SpringApplication [main] No active profile set, falling back to 1 default profile: "default"
2023-11-11 16:13:55,084 INFO o.s.d.r.c.RepositoryConfigurationDelegate [main] Bootstrapping Spring Data JPA repositories in DEFAULT mode.
2023-11-11 16:13:55,212 INFO o.s.d.r.c.RepositoryConfigurationDelegate [main] Finished Spring Data repository scanning in 111 ms. Found 6 JPA repository interfaces.
2023-11-11 16:13:56,331 INFO o.s.b.w.e.t.TomcatWebServer [main] Tomcat initialized with port(s): 9081 (http)
2023-11-11 16:13:56,344 INFO o.a.j.l.DirectJDKLog [main] Initializing ProtocolHandler ["http-nio-9081"]
2023-11-11 16:13:56,347 INFO o.a.j.l.DirectJDKLog [main] Starting service [Tomcat]
2023-11-11 16:13:56,348 INFO o.a.j.l.DirectJDKLog [main] Starting Servlet engine: [Apache Tomcat/10.1.12]
2023-11-11 16:13:56,518 INFO o.a.j.l.DirectJDKLog [main] Initializing Spring embedded WebApplicationContext
2023-11-11 16:13:56,522 INFO o.s.b.w.s.c.ServletWebServerApplicationContext [main] Root WebApplicationContext: initialization completed in 2696 ms
2023-11-11 16:13:56,827 INFO o.h.j.i.u.LogHelper [main] HHH000204: Processing PersistenceUnitInfo [name: default]
2023-11-11 16:13:56,902 INFO o.h.Version [main] HHH000412: Hibernate ORM core version 6.2.7.Final
2023-11-11 16:13:56,905 INFO o.h.c.Environment [main] HHH000406: Using bytecode reflection optimizer
2023-11-11 16:13:57,138 INFO o.h.b.i.BytecodeProviderInitiator [main] HHH000021: Bytecode provider name : bytebuddy
2023-11-11 16:13:57,314 INFO o.s.o.j.p.SpringPersistenceUnitInfo [main] No LoadTimeWeaver setup: ignoring JPA class transformer
2023-11-11 16:13:57,335 INFO c.z.h.HikariDataSource [main] HikariPool-1 - Starting...
2023-11-11 16:13:57,623 INFO c.z.h.p.HikariPool [main] HikariPool-1 - Added connection org.postgresql.jdbc.PgConnection@721fc2e3
2023-11-11 16:13:57,624 INFO c.z.h.HikariDataSource [main] HikariPool-1 - Start completed.
2023-11-11 16:13:58,192 INFO o.h.b.i.BytecodeProviderInitiator [main] HHH000021: Bytecode provider name : bytebuddy
2023-11-11 16:13:59,243 INFO o.h.e.t.j.p.i.JtaPlatformInitiator [main] HHH000490: Using JtaPlatform implementation: [org.hibernate.engine.transaction.jta.platform.internal.NoJtaPlatform]
2023-11-11 16:13:59,424 INFO o.s.o.j.AbstractEntityManagerFactoryBean [main] Initialized JPA EntityManagerFactory for persistence unit 'default'
2023-11-11 16:13:59,877 INFO o.s.d.j.r.q.QueryEnhancerFactory [main] Hibernate is in classpath; If applicable, HQL parser will be used.
2023-11-11 16:14:00,553 WARN o.s.c.s.AbstractApplicationContext [main] Exception encountered during context initialization - cancelling refresh attempt: org.springframework.beans.factory.UnsatisfiedDependencyException: Error creating bean with name 'personaDtoController' defined in file [C:\Users\DATABASEF\Desktop\DAVID MOISES BELTRAN\universidad-main\target\classes\com\springsimplespasos\universidad\universidadbackend\controlador\dto\PersonaDtoController.class]: Unsatisfied dependency expressed through constructor parameter 0: No qualifying bean of type 'com.springsimplespasos.universidad.universidadbackend.servicios.contratos.PersonaDAO' available: expected single matching bean but found 2: alumnoDAOImpl,empleadoDAOImpl
2023-11-11 16:14:00,554 INFO o.s.o.j.AbstractEntityManagerFactoryBean [main] Closing JPA EntityManagerFactory for persistence unit 'default'
2023-11-11 16:14:00,556 INFO c.z.h.HikariDataSource [main] HikariPool-1 - Shutdown initiated...
2023-11-11 16:14:00,563 INFO c.z.h.HikariDataSource [main] HikariPool-1 - Shutdown completed.
2023-11-11 16:14:00,567 INFO o.a.j.l.DirectJDKLog [main] Stopping service [Tomcat]
2023-11-11 16:14:00,587 INFO o.s.b.a.l.ConditionEvaluationReportLogger [main] 

Error starting ApplicationContext. To display the condition evaluation report re-run your application with 'debug' enabled.
2023-11-11 16:14:00,612 ERROR o.s.b.d.LoggingFailureAnalysisReporter [main] 

***************************
APPLICATION FAILED TO START
***************************

Description:

Parameter 0 of constructor in com.springsimplespasos.universidad.universidadbackend.controlador.dto.PersonaDtoController required a single bean, but 2 were found:
	- alumnoDAOImpl: defined in file [C:\Users\DATABASEF\Desktop\DAVID MOISES BELTRAN\universidad-main\target\classes\com\springsimplespasos\universidad\universidadbackend\servicios\implementaciones\AlumnoDAOImpl.class]
	- empleadoDAOImpl: defined in file [C:\Users\DATABASEF\Desktop\DAVID MOISES BELTRAN\universidad-main\target\classes\com\springsimplespasos\universidad\universidadbackend\servicios\implementaciones\EmpleadoDAOImpl.class]


Action:

Consider marking one of the beans as @Primary, updating the consumer to accept multiple beans, or using @Qualifier to identify the bean that should be consumed

