2023-11-11 16:00:32,588 INFO o.s.b.StartupInfoLogger [main] Starting UniversidadBackendApplication using Java 17.0.7 with PID 13820 (C:\Users\DATABASEF\Desktop\DAVID MOISES BELTRAN\universidad-main\target\classes started by DATABASEF in C:\Users\DATABASEF\Desktop\DAVID MOISES BELTRAN\universidad-main)
2023-11-11 16:00:32,605 INFO o.s.b.SpringApplication [main] No active profile set, falling back to 1 default profile: "default"
2023-11-11 16:00:35,293 INFO o.s.d.r.c.RepositoryConfigurationDelegate [main] Bootstrapping Spring Data JPA repositories in DEFAULT mode.
2023-11-11 16:00:35,448 INFO o.s.d.r.c.RepositoryConfigurationDelegate [main] Finished Spring Data repository scanning in 142 ms. Found 6 JPA repository interfaces.
2023-11-11 16:00:36,814 INFO o.s.b.w.e.t.TomcatWebServer [main] Tomcat initialized with port(s): 9081 (http)
2023-11-11 16:00:36,826 INFO o.a.j.l.DirectJDKLog [main] Initializing ProtocolHandler ["http-nio-9081"]
2023-11-11 16:00:36,831 INFO o.a.j.l.DirectJDKLog [main] Starting service [Tomcat]
2023-11-11 16:00:36,831 INFO o.a.j.l.DirectJDKLog [main] Starting Servlet engine: [Apache Tomcat/10.1.12]
2023-11-11 16:00:37,036 INFO o.a.j.l.DirectJDKLog [main] Initializing Spring embedded WebApplicationContext
2023-11-11 16:00:37,040 INFO o.s.b.w.s.c.ServletWebServerApplicationContext [main] Root WebApplicationContext: initialization completed in 4333 ms
2023-11-11 16:00:37,459 INFO o.h.j.i.u.LogHelper [main] HHH000204: Processing PersistenceUnitInfo [name: default]
2023-11-11 16:00:37,617 INFO o.h.Version [main] HHH000412: Hibernate ORM core version 6.2.7.Final
2023-11-11 16:00:37,628 INFO o.h.c.Environment [main] HHH000406: Using bytecode reflection optimizer
2023-11-11 16:00:37,952 INFO o.h.b.i.BytecodeProviderInitiator [main] HHH000021: Bytecode provider name : bytebuddy
2023-11-11 16:00:38,197 INFO o.s.o.j.p.SpringPersistenceUnitInfo [main] No LoadTimeWeaver setup: ignoring JPA class transformer
2023-11-11 16:00:38,224 INFO c.z.h.HikariDataSource [main] HikariPool-1 - Starting...
2023-11-11 16:00:38,780 INFO c.z.h.p.HikariPool [main] HikariPool-1 - Added connection org.postgresql.jdbc.PgConnection@3ed7dd70
2023-11-11 16:00:38,784 INFO c.z.h.HikariDataSource [main] HikariPool-1 - Start completed.
2023-11-11 16:00:39,528 INFO o.h.b.i.BytecodeProviderInitiator [main] HHH000021: Bytecode provider name : bytebuddy
2023-11-11 16:00:40,717 INFO o.h.e.t.j.p.i.JtaPlatformInitiator [main] HHH000490: Using JtaPlatform implementation: [org.hibernate.engine.transaction.jta.platform.internal.NoJtaPlatform]
2023-11-11 16:00:41,064 INFO o.s.o.j.AbstractEntityManagerFactoryBean [main] Initialized JPA EntityManagerFactory for persistence unit 'default'
2023-11-11 16:00:41,599 INFO o.s.d.j.r.q.QueryEnhancerFactory [main] Hibernate is in classpath; If applicable, HQL parser will be used.
2023-11-11 16:00:42,516 WARN o.s.b.a.o.j.JpaBaseConfiguration$JpaWebConfiguration [main] spring.jpa.open-in-view is enabled by default. Therefore, database queries may be performed during view rendering. Explicitly configure spring.jpa.open-in-view to disable this warning
2023-11-11 16:00:43,093 INFO o.a.j.l.DirectJDKLog [main] Starting ProtocolHandler ["http-nio-9081"]
2023-11-11 16:00:43,145 INFO o.s.b.w.e.t.TomcatWebServer [main] Tomcat started on port(s): 9081 (http) with context path '/api/v2/universidad'
2023-11-11 16:00:43,159 INFO o.s.b.StartupInfoLogger [main] Started UniversidadBackendApplication in 11.101 seconds (process running for 11.967)
2023-11-11 16:01:50,844 INFO o.a.j.l.DirectJDKLog [http-nio-9081-exec-1] Initializing Spring DispatcherServlet 'dispatcherServlet'
2023-11-11 16:01:50,844 INFO o.s.w.s.FrameworkServlet [http-nio-9081-exec-1] Initializing Servlet 'dispatcherServlet'
2023-11-11 16:01:50,846 INFO o.s.w.s.FrameworkServlet [http-nio-9081-exec-1] Completed initialization in 1 ms
2023-11-11 16:01:51,680 INFO o.s.a.AbstractOpenApiResource [http-nio-9081-exec-9] Init duration for springdoc-openapi is: 382 ms
2023-11-11 16:11:28,763 INFO o.s.o.j.AbstractEntityManagerFactoryBean [SpringApplicationShutdownHook] Closing JPA EntityManagerFactory for persistence unit 'default'
2023-11-11 16:11:28,770 INFO c.z.h.HikariDataSource [SpringApplicationShutdownHook] HikariPool-1 - Shutdown initiated...
2023-11-11 16:11:28,782 INFO c.z.h.HikariDataSource [SpringApplicationShutdownHook] HikariPool-1 - Shutdown completed.
2023-11-11 16:11:35,343 INFO o.s.b.StartupInfoLogger [main] Starting UniversidadBackendApplication using Java 17.0.7 with PID 15088 (C:\Users\DATABASEF\Desktop\DAVID MOISES BELTRAN\universidad-main\target\classes started by DATABASEF in C:\Users\DATABASEF\Desktop\DAVID MOISES BELTRAN\universidad-main)
2023-11-11 16:11:35,364 INFO o.s.b.SpringApplication [main] No active profile set, falling back to 1 default profile: "default"
2023-11-11 16:11:36,562 INFO o.s.d.r.c.RepositoryConfigurationDelegate [main] Bootstrapping Spring Data JPA repositories in DEFAULT mode.
2023-11-11 16:11:36,679 INFO o.s.d.r.c.RepositoryConfigurationDelegate [main] Finished Spring Data repository scanning in 100 ms. Found 6 JPA repository interfaces.
2023-11-11 16:11:37,741 INFO o.s.b.w.e.t.TomcatWebServer [main] Tomcat initialized with port(s): 9081 (http)
2023-11-11 16:11:37,748 INFO o.a.j.l.DirectJDKLog [main] Initializing ProtocolHandler ["http-nio-9081"]
2023-11-11 16:11:37,750 INFO o.a.j.l.DirectJDKLog [main] Starting service [Tomcat]
2023-11-11 16:11:37,751 INFO o.a.j.l.DirectJDKLog [main] Starting Servlet engine: [Apache Tomcat/10.1.12]
2023-11-11 16:11:37,914 INFO o.a.j.l.DirectJDKLog [main] Initializing Spring embedded WebApplicationContext
2023-11-11 16:11:37,916 INFO o.s.b.w.s.c.ServletWebServerApplicationContext [main] Root WebApplicationContext: initialization completed in 2455 ms
2023-11-11 16:11:38,171 INFO o.h.j.i.u.LogHelper [main] HHH000204: Processing PersistenceUnitInfo [name: default]
2023-11-11 16:11:38,258 INFO o.h.Version [main] HHH000412: Hibernate ORM core version 6.2.7.Final
2023-11-11 16:11:38,261 INFO o.h.c.Environment [main] HHH000406: Using bytecode reflection optimizer
2023-11-11 16:11:38,491 INFO o.h.b.i.BytecodeProviderInitiator [main] HHH000021: Bytecode provider name : bytebuddy
2023-11-11 16:11:38,714 INFO o.s.o.j.p.SpringPersistenceUnitInfo [main] No LoadTimeWeaver setup: ignoring JPA class transformer
2023-11-11 16:11:38,735 INFO c.z.h.HikariDataSource [main] HikariPool-1 - Starting...
2023-11-11 16:11:39,016 INFO c.z.h.p.HikariPool [main] HikariPool-1 - Added connection org.postgresql.jdbc.PgConnection@3df77dfa
2023-11-11 16:11:39,018 INFO c.z.h.HikariDataSource [main] HikariPool-1 - Start completed.
2023-11-11 16:11:39,564 INFO o.h.b.i.BytecodeProviderInitiator [main] HHH000021: Bytecode provider name : bytebuddy
2023-11-11 16:11:40,556 INFO o.h.e.t.j.p.i.JtaPlatformInitiator [main] HHH000490: Using JtaPlatform implementation: [org.hibernate.engine.transaction.jta.platform.internal.NoJtaPlatform]
2023-11-11 16:11:40,881 INFO o.s.o.j.AbstractEntityManagerFactoryBean [main] Initialized JPA EntityManagerFactory for persistence unit 'default'
2023-11-11 16:11:41,285 INFO o.s.d.j.r.q.QueryEnhancerFactory [main] Hibernate is in classpath; If applicable, HQL parser will be used.
2023-11-11 16:11:41,906 WARN o.s.c.s.AbstractApplicationContext [main] Exception encountered during context initialization - cancelling refresh attempt: org.springframework.beans.factory.UnsatisfiedDependencyException: Error creating bean with name 'personaDtoController' defined in file [C:\Users\DATABASEF\Desktop\DAVID MOISES BELTRAN\universidad-main\target\classes\com\springsimplespasos\universidad\universidadbackend\controlador\dto\PersonaDtoController.class]: Unsatisfied dependency expressed through constructor parameter 0: No qualifying bean of type 'com.springsimplespasos.universidad.universidadbackend.servicios.contratos.PersonaDAO' available: expected single matching bean but found 2: alumnoDAOImpl,empleadoDAOImpl
2023-11-11 16:11:41,907 INFO o.s.o.j.AbstractEntityManagerFactoryBean [main] Closing JPA EntityManagerFactory for persistence unit 'default'
2023-11-11 16:11:41,909 INFO c.z.h.HikariDataSource [main] HikariPool-1 - Shutdown initiated...
2023-11-11 16:11:41,917 INFO c.z.h.HikariDataSource [main] HikariPool-1 - Shutdown completed.
2023-11-11 16:11:41,922 INFO o.a.j.l.DirectJDKLog [main] Stopping service [Tomcat]
2023-11-11 16:11:41,941 INFO o.s.b.a.l.ConditionEvaluationReportLogger [main] 

Error starting ApplicationContext. To display the condition evaluation report re-run your application with 'debug' enabled.
2023-11-11 16:11:41,985 ERROR o.s.b.d.LoggingFailureAnalysisReporter [main] 

***************************
APPLICATION FAILED TO START
***************************

Description:

Parameter 0 of constructor in com.springsimplespasos.universidad.universidadbackend.controlador.dto.PersonaDtoController required a single bean, but 2 were found:
	- alumnoDAOImpl: defined in file [C:\Users\DATABASEF\Desktop\DAVID MOISES BELTRAN\universidad-main\target\classes\com\springsimplespasos\universidad\universidadbackend\servicios\implementaciones\AlumnoDAOImpl.class]
	- empleadoDAOImpl: defined in file [C:\Users\DATABASEF\Desktop\DAVID MOISES BELTRAN\universidad-main\target\classes\com\springsimplespasos\universidad\universidadbackend\servicios\implementaciones\EmpleadoDAOImpl.class]


Action:

Consider marking one of the beans as @Primary, updating the consumer to accept multiple beans, or using @Qualifier to identify the bean that should be consumed

